app/build/outputs/logs/manifest-merger-debug-report.txt
-- Merging decision tree log ---
manifest
ADDED from src\main\AndroidManifest.xml:2:1-56:12
INJECTED from src\main\AndroidManifest.xml:2:1-56:12
INJECTED from src\main\AndroidManifest.xml:2:1-56:12
INJECTED from src\main\AndroidManifest.xml:2:1-56:12
MERGED from [androidx.constraintlayout:constraintlayout:2.0.0-alpha4] AndroidManifest.xml:2:1-11:12
MERGED from [com.google.android.material:material:1.1.0-alpha10] AndroidManifest.xml:17:1-24:12
MERGED from [androidx.appcompat:appcompat:1.1.0] AndroidManifest.xml:17:1-24:12
MERGED from [androidx.recyclerview:recyclerview-selection:1.0.0] AndroidManifest.xml:17:1-22:12
MERGED from [androidx.viewpager2:viewpager2:1.0.0-beta03] AndroidManifest.xml:17:1-24:12
MERGED from [androidx.recyclerview:recyclerview:1.1.0-beta01] AndroidManifest.xml:17:1-24:12
MERGED from [com.google.android.gms:play-services-ads:18.2.0] AndroidManifest.xml:17:1-25:12
MERGED from [androidx.browser:browser:1.0.0] AndroidManifest.xml:17:1-22:12
MERGED from [androidx.legacy:legacy-support-core-ui:1.0.0] AndroidManifest.xml:17:1-22:12
MERGED from [androidx.swiperefreshlayout:swiperefreshlayout:1.0.0] AndroidManifest.xml:17:1-22:12
MERGED from [com.basgeekball:awesome-validation:1.3] AndroidManifest.xml:2:1-11:12
MERGED from [com.google.android.gms:play-services-ads-lite:18.2.0] AndroidManifest.xml:17:1-42:12
MERGED from [com.google.android.gms:play-services-measurement:17.0.0] AndroidManifest.xml:17:1-55:12
MERGED from [com.google.android.gms:play-services-measurement-sdk:17.0.0] AndroidManifest.xml:17:1-25:12
MERGED from [com.google.android.gms:play-services-measurement-impl:17.0.0] AndroidManifest.xml:17:1-40:12
MERGED from [com.google.android.gms:play-services-ads-identifier:17.0.0] AndroidManifest.xml:17:1-24:12
MERGED from [com.google.android.gms:play-services-gass:18.2.0] AndroidManifest.xml:2:1-9:12
MERGED from [com.google.android.gms:play-services-measurement-sdk-api:17.0.0] AndroidManifest.xml:17:1-40:12
MERGED from [com.google.android.gms:play-services-measurement-base:17.0.0] AndroidManifest.xml:2:1-9:12
MERGED from [com.google.android.gms:play-services-stats:17.0.0] AndroidManifest.xml:2:1-9:12
MERGED from [com.google.android.gms:play-services-basement:17.0.0] AndroidManifest.xml:17:1-28:12
MERGED from [androidx.fragment:fragment:1.1.0] AndroidManifest.xml:17:1-24:12
MERGED from [androidx.appcompat:appcompat-resources:1.1.0] AndroidManifest.xml:17:1-24:12
MERGED from [androidx.drawerlayout:drawerlayout:1.0.0] AndroidManifest.xml:17:1-22:12
MERGED from [androidx.coordinatorlayout:coordinatorlayout:1.1.0-beta01] AndroidManifest.xml:17:1-24:12
MERGED from [androidx.transition:transition:1.0.1] AndroidManifest.xml:17:1-22:12
MERGED from [androidx.viewpager:viewpager:1.0.0] AndroidManifest.xml:17:1-22:12
MERGED from [androidx.legacy:legacy-support-core-utils:1.0.0] AndroidManifest.xml:17:1-22:12
MERGED from [androidx.loader:loader:1.0.0] AndroidManifest.xml:17:1-22:12
MERGED from [androidx.activity:activity:1.0.0] AndroidManifest.xml:17:1-24:12
MERGED from [androidx.vectordrawable:vectordrawable-animated:1.1.0] AndroidManifest.xml:17:1-24:12
MERGED from [androidx.vectordrawable:vectordrawable:1.1.0] AndroidManifest.xml:17:1-24:12
MERGED from [androidx.slidingpanelayout:slidingpanelayout:1.0.0] AndroidManifest.xml:17:1-22:12
MERGED from [androidx.customview:customview:1.0.0] AndroidManifest.xml:17:1-22:12
MERGED from [androidx.asynclayoutinflater:asynclayoutinflater:1.0.0] AndroidManifest.xml:17:1-22:12
MERGED from [androidx.core:core:1.1.0] AndroidManifest.xml:17:1-26:12
MERGED from [androidx.cursoradapter:cursoradapter:1.0.0] AndroidManifest.xml:17:1-22:12
MERGED from [androidx.cardview:cardview:1.0.0] AndroidManifest.xml:17:1-22:12
MERGED from [androidx.versionedparcelable:versionedparcelable:1.1.0] AndroidManifest.xml:17:1-27:12
MERGED from [androidx.interpolator:interpolator:1.0.0] AndroidManifest.xml:17:1-22:12
MERGED from [androidx.lifecycle:lifecycle-runtime:2.1.0] AndroidManifest.xml:17:1-22:12
MERGED from [androidx.lifecycle:lifecycle-viewmodel:2.1.0] AndroidManifest.xml:17:1-22:12
MERGED from [androidx.savedstate:savedstate:1.0.0] AndroidManifest.xml:17:1-24:12
MERGED from [androidx.lifecycle:lifecycle-livedata:2.0.0] AndroidManifest.xml:17:1-22:12
MERGED from [androidx.lifecycle:lifecycle-livedata-core:2.0.0] AndroidManifest.xml:17:1-22:12
MERGED from [androidx.arch.core:core-runtime:2.0.0] AndroidManifest.xml:17:1-22:12
MERGED from [androidx.documentfile:documentfile:1.0.0] AndroidManifest.xml:17:1-22:12
MERGED from [androidx.localbroadcastmanager:localbroadcastmanager:1.0.0] AndroidManifest.xml:17:1-22:12
MERGED from [androidx.print:print:1.0.0] AndroidManifest.xml:17:1-22:12
MERGED from [com.google.android.gms:play-services-ads-base:18.2.0] AndroidManifest.xml:2:1-9:12
INJECTED from src\main\AndroidManifest.xml:2:1-56:12
INJECTED from src\main\AndroidManifest.xml:2:1-56:12
INJECTED from src\main\AndroidManifest.xml:2:1-56:12
	package
		ADDED from src\main\AndroidManifest.xml:3:5-50
		INJECTED from src\main\AndroidManifest.xml
		INJECTED from src\main\AndroidManifest.xml
	android:versionName
		INJECTED from src\main\AndroidManifest.xml
		ADDED from src\main\AndroidManifest.xml:2:1-56:12
		INJECTED from src\main\AndroidManifest.xml
	android:versionCode
		INJECTED from src\main\AndroidManifest.xml
		ADDED from src\main\AndroidManifest.xml:2:1-56:12
		INJECTED from src\main\AndroidManifest.xml
	xmlns:android
		ADDED from src\main\AndroidManifest.xml:2:11-69
uses-permission#android.permission.INTERNET
ADDED from src\main\AndroidManifest.xml:5:5-67
MERGED from [com.google.android.gms:play-services-ads-lite:18.2.0] AndroidManifest.xml:23:5-67
MERGED from [com.google.android.gms:play-services-ads-lite:18.2.0] AndroidManifest.xml:23:5-67
MERGED from [com.google.android.gms:play-services-measurement:17.0.0] AndroidManifest.xml:23:5-67
MERGED from [com.google.android.gms:play-services-measurement:17.0.0] AndroidManifest.xml:23:5-67
MERGED from [com.google.android.gms:play-services-measurement-impl:17.0.0] AndroidManifest.xml:23:5-67
MERGED from [com.google.android.gms:play-services-measurement-impl:17.0.0] AndroidManifest.xml:23:5-67
MERGED from [com.google.android.gms:play-services-measurement-sdk-api:17.0.0] AndroidManifest.xml:23:5-67
MERGED from [com.google.android.gms:play-services-measurement-sdk-api:17.0.0] AndroidManifest.xml:23:5-67
	android:name
		ADDED from src\main\AndroidManifest.xml:5:22-64
application
ADDED from src\main\AndroidManifest.xml:7:5-54:19
MERGED from [androidx.constraintlayout:constraintlayout:2.0.0-alpha4] AndroidManifest.xml:9:5-20
MERGED from [androidx.constraintlayout:constraintlayout:2.0.0-alpha4] AndroidManifest.xml:9:5-20
MERGED from [com.google.android.material:material:1.1.0-alpha10] AndroidManifest.xml:22:5-20
MERGED from [com.google.android.material:material:1.1.0-alpha10] AndroidManifest.xml:22:5-20
MERGED from [com.google.android.gms:play-services-ads-lite:18.2.0] AndroidManifest.xml:26:5-40:19
MERGED from [com.google.android.gms:play-services-ads-lite:18.2.0] AndroidManifest.xml:26:5-40:19
MERGED from [com.google.android.gms:play-services-measurement:17.0.0] AndroidManifest.xml:28:5-53:19
MERGED from [com.google.android.gms:play-services-measurement:17.0.0] AndroidManifest.xml:28:5-53:19
MERGED from [com.google.android.gms:play-services-measurement-sdk:17.0.0] AndroidManifest.xml:22:5-23:19
MERGED from [com.google.android.gms:play-services-measurement-sdk:17.0.0] AndroidManifest.xml:22:5-23:19
MERGED from [com.google.android.gms:play-services-measurement-impl:17.0.0] AndroidManifest.xml:28:5-38:19
MERGED from [com.google.android.gms:play-services-measurement-impl:17.0.0] AndroidManifest.xml:28:5-38:19
MERGED from [com.google.android.gms:play-services-ads-identifier:17.0.0] AndroidManifest.xml:22:5-20
MERGED from [com.google.android.gms:play-services-ads-identifier:17.0.0] AndroidManifest.xml:22:5-20
MERGED from [com.google.android.gms:play-services-gass:18.2.0] AndroidManifest.xml:7:5-20
MERGED from [com.google.android.gms:play-services-gass:18.2.0] AndroidManifest.xml:7:5-20
MERGED from [com.google.android.gms:play-services-measurement-sdk-api:17.0.0] AndroidManifest.xml:28:5-38:19
MERGED from [com.google.android.gms:play-services-measurement-sdk-api:17.0.0] AndroidManifest.xml:28:5-38:19
MERGED from [com.google.android.gms:play-services-measurement-base:17.0.0] AndroidManifest.xml:7:5-20
MERGED from [com.google.android.gms:play-services-measurement-base:17.0.0] AndroidManifest.xml:7:5-20
MERGED from [com.google.android.gms:play-services-stats:17.0.0] AndroidManifest.xml:7:5-20
MERGED from [com.google.android.gms:play-services-stats:17.0.0] AndroidManifest.xml:7:5-20
MERGED from [com.google.android.gms:play-services-basement:17.0.0] AndroidManifest.xml:22:5-26:19
MERGED from [com.google.android.gms:play-services-basement:17.0.0] AndroidManifest.xml:22:5-26:19
MERGED from [androidx.core:core:1.1.0] AndroidManifest.xml:24:5-89
MERGED from [androidx.core:core:1.1.0] AndroidManifest.xml:24:5-89
MERGED from [androidx.versionedparcelable:versionedparcelable:1.1.0] AndroidManifest.xml:24:5-25:19
MERGED from [androidx.versionedparcelable:versionedparcelable:1.1.0] AndroidManifest.xml:24:5-25:19
MERGED from [com.google.android.gms:play-services-ads-base:18.2.0] AndroidManifest.xml:7:5-20
MERGED from [com.google.android.gms:play-services-ads-base:18.2.0] AndroidManifest.xml:7:5-20
	android:appComponentFactory
		ADDED from [androidx.core:core:1.1.0] AndroidManifest.xml:24:18-86
	android:supportsRtl
		ADDED from src\main\AndroidManifest.xml:12:9-35
	android:label
		ADDED from src\main\AndroidManifest.xml:10:9-41
	android:roundIcon
		ADDED from src\main\AndroidManifest.xml:11:9-54
	android:icon
		ADDED from src\main\AndroidManifest.xml:9:9-43
	android:allowBackup
		ADDED from src\main\AndroidManifest.xml:8:9-35
	android:theme
		ADDED from src\main\AndroidManifest.xml:13:9-40
	android:usesCleartextTraffic
		ADDED from src\main\AndroidManifest.xml:14:9-44
activity#com.pujisudaryanto.tubesmbkelompok5.info
ADDED from src\main\AndroidManifest.xml:15:9-17:40
	android:exported
		ADDED from src\main\AndroidManifest.xml:17:13-37
	android:name
		ADDED from src\main\AndroidManifest.xml:16:13-33
activity#com.pujisudaryanto.tubesmbkelompok5.Tab_Main
ADDED from src\main\AndroidManifest.xml:18:9-20:48
	android:exported
		ADDED from src\main\AndroidManifest.xml:20:13-36
	android:name
		ADDED from src\main\AndroidManifest.xml:19:13-37
activity#com.pujisudaryanto.tubesmbkelompok5.Frag2_Pesan
ADDED from src\main\AndroidManifest.xml:21:9-23:39
	android:exported
		ADDED from src\main\AndroidManifest.xml:23:13-36
	android:name
		ADDED from src\main\AndroidManifest.xml:22:13-40
activity#com.pujisudaryanto.tubesmbkelompok5.Frag1_kontak
ADDED from src\main\AndroidManifest.xml:24:9-26:39
	android:exported
		ADDED from src\main\AndroidManifest.xml:26:13-36
	android:name
		ADDED from src\main\AndroidManifest.xml:25:13-41
activity#com.pujisudaryanto.tubesmbkelompok5.SplashScreen
ADDED from src\main\AndroidManifest.xml:27:9-36:20
	android:exported
		ADDED from src\main\AndroidManifest.xml:29:13-36
	android:theme
		ADDED from src\main\AndroidManifest.xml:30:13-47
	android:name
		ADDED from src\main\AndroidManifest.xml:28:13-41
intent-filter#action:name:android.intent.action.MAIN+category:name:android.intent.category.LAUNCHER
ADDED from src\main\AndroidManifest.xml:31:13-35:29
action#android.intent.action.MAIN
ADDED from src\main\AndroidManifest.xml:32:17-69
	android:name
		ADDED from src\main\AndroidManifest.xml:32:25-66
category#android.intent.category.LAUNCHER
ADDED from src\main\AndroidManifest.xml:34:17-77
	android:name
		ADDED from src\main\AndroidManifest.xml:34:27-74
activity#com.pujisudaryanto.tubesmbkelompok5.DetailLaporanLainnya
ADDED from src\main\AndroidManifest.xml:37:9-39:69
	android:theme
		ADDED from src\main\AndroidManifest.xml:39:13-66
	android:name
		ADDED from src\main\AndroidManifest.xml:38:13-49
activity#com.pujisudaryanto.tubesmbkelompok5.editData
ADDED from src\main\AndroidManifest.xml:40:9-46
	android:name
		ADDED from src\main\AndroidManifest.xml:40:19-43
activity#com.pujisudaryanto.tubesmbkelompok5.LaporanLainnyaActivity
ADDED from src\main\AndroidManifest.xml:41:9-43:69
	android:theme
		ADDED from src\main\AndroidManifest.xml:43:13-66
	android:name
		ADDED from src\main\AndroidManifest.xml:42:13-51
activity#com.pujisudaryanto.tubesmbkelompok5.TambahPengeluaranActivity
ADDED from src\main\AndroidManifest.xml:44:9-46:69
	android:theme
		ADDED from src\main\AndroidManifest.xml:46:13-66
	android:name
		ADDED from src\main\AndroidManifest.xml:45:13-54
activity#com.pujisudaryanto.tubesmbkelompok5.MainActivity
ADDED from src\main\AndroidManifest.xml:47:9-49:69
	android:theme
		ADDED from src\main\AndroidManifest.xml:49:13-66
	android:name
		ADDED from src\main\AndroidManifest.xml:48:13-41
meta-data#com.google.android.gms.ads.APPLICATION_ID
ADDED from src\main\AndroidManifest.xml:51:9-53:70
	android:value
		ADDED from src\main\AndroidManifest.xml:53:13-67
	android:name
		ADDED from src\main\AndroidManifest.xml:52:13-69
uses-sdk
INJECTED from src\main\AndroidManifest.xml reason: use-sdk injection requested
INJECTED from src\main\AndroidManifest.xml
INJECTED from src\main\AndroidManifest.xml
MERGED from [androidx.constraintlayout:constraintlayout:2.0.0-alpha4] AndroidManifest.xml:5:5-7:41
MERGED from [androidx.constraintlayout:constraintlayout:2.0.0-alpha4] AndroidManifest.xml:5:5-7:41
MERGED from [com.google.android.material:material:1.1.0-alpha10] AndroidManifest.xml:20:5-44
MERGED from [com.google.android.material:material:1.1.0-alpha10] AndroidManifest.xml:20:5-44
MERGED from [androidx.appcompat:appcompat:1.1.0] AndroidManifest.xml:20:5-22:41
MERGED from [androidx.appcompat:appcompat:1.1.0] AndroidManifest.xml:20:5-22:41
MERGED from [androidx.recyclerview:recyclerview-selection:1.0.0] AndroidManifest.xml:20:5-44
MERGED from [androidx.recyclerview:recyclerview-selection:1.0.0] AndroidManifest.xml:20:5-44
MERGED from [androidx.viewpager2:viewpager2:1.0.0-beta03] AndroidManifest.xml:20:5-22:41
MERGED from [androidx.viewpager2:viewpager2:1.0.0-beta03] AndroidManifest.xml:20:5-22:41
MERGED from [androidx.recyclerview:recyclerview:1.1.0-beta01] AndroidManifest.xml:20:5-22:41
MERGED from [androidx.recyclerview:recyclerview:1.1.0-beta01] AndroidManifest.xml:20:5-22:41
MERGED from [com.google.android.gms:play-services-ads:18.2.0] AndroidManifest.xml:21:5-23:52
MERGED from [com.google.android.gms:play-services-ads:18.2.0] AndroidManifest.xml:21:5-23:52
MERGED from [androidx.browser:browser:1.0.0] AndroidManifest.xml:20:5-44
MERGED from [androidx.browser:browser:1.0.0] AndroidManifest.xml:20:5-44
MERGED from [androidx.legacy:legacy-support-core-ui:1.0.0] AndroidManifest.xml:20:5-44
MERGED from [androidx.legacy:legacy-support-core-ui:1.0.0] AndroidManifest.xml:20:5-44
MERGED from [androidx.swiperefreshlayout:swiperefreshlayout:1.0.0] AndroidManifest.xml:20:5-44
MERGED from [androidx.swiperefreshlayout:swiperefreshlayout:1.0.0] AndroidManifest.xml:20:5-44
MERGED from [com.basgeekball:awesome-validation:1.3] AndroidManifest.xml:7:5-9:41
MERGED from [com.basgeekball:awesome-validation:1.3] AndroidManifest.xml:7:5-9:41
MERGED from [com.google.android.gms:play-services-ads-lite:18.2.0] AndroidManifest.xml:20:5-44
MERGED from [com.google.android.gms:play-services-ads-lite:18.2.0] AndroidManifest.xml:20:5-44
MERGED from [com.google.android.gms:play-services-measurement:17.0.0] AndroidManifest.xml:20:5-44
MERGED from [com.google.android.gms:play-services-measurement:17.0.0] AndroidManifest.xml:20:5-44
MERGED from [com.google.android.gms:play-services-measurement-sdk:17.0.0] AndroidManifest.xml:20:5-44
MERGED from [com.google.android.gms:play-services-measurement-sdk:17.0.0] AndroidManifest.xml:20:5-44
MERGED from [com.google.android.gms:play-services-measurement-impl:17.0.0] AndroidManifest.xml:20:5-44
MERGED from [com.google.android.gms:play-services-measurement-impl:17.0.0] AndroidManifest.xml:20:5-44
MERGED from [com.google.android.gms:play-services-ads-identifier:17.0.0] AndroidManifest.xml:20:5-44
MERGED from [com.google.android.gms:play-services-ads-identifier:17.0.0] AndroidManifest.xml:20:5-44
MERGED from [com.google.android.gms:play-services-gass:18.2.0] AndroidManifest.xml:5:5-44
MERGED from [com.google.android.gms:play-services-gass:18.2.0] AndroidManifest.xml:5:5-44
MERGED from [com.google.android.gms:play-services-measurement-sdk-api:17.0.0] AndroidManifest.xml:20:5-44
MERGED from [com.google.android.gms:play-services-measurement-sdk-api:17.0.0] AndroidManifest.xml:20:5-44
MERGED from [com.google.android.gms:play-services-measurement-base:17.0.0] AndroidManifest.xml:5:5-44
MERGED from [com.google.android.gms:play-services-measurement-base:17.0.0] AndroidManifest.xml:5:5-44
MERGED from [com.google.android.gms:play-services-stats:17.0.0] AndroidManifest.xml:5:5-44
MERGED from [com.google.android.gms:play-services-stats:17.0.0] AndroidManifest.xml:5:5-44
MERGED from [com.google.android.gms:play-services-basement:17.0.0] AndroidManifest.xml:20:5-44
MERGED from [com.google.android.gms:play-services-basement:17.0.0] AndroidManifest.xml:20:5-44
MERGED from [androidx.fragment:fragment:1.1.0] AndroidManifest.xml:20:5-22:41
MERGED from [androidx.fragment:fragment:1.1.0] AndroidManifest.xml:20:5-22:41
MERGED from [androidx.appcompat:appcompat-resources:1.1.0] AndroidManifest.xml:20:5-22:41
MERGED from [androidx.appcompat:appcompat-resources:1.1.0] AndroidManifest.xml:20:5-22:41
MERGED from [androidx.drawerlayout:drawerlayout:1.0.0] AndroidManifest.xml:20:5-44
MERGED from [androidx.drawerlayout:drawerlayout:1.0.0] AndroidManifest.xml:20:5-44
MERGED from [androidx.coordinatorlayout:coordinatorlayout:1.1.0-beta01] AndroidManifest.xml:20:5-22:41
MERGED from [androidx.coordinatorlayout:coordinatorlayout:1.1.0-beta01] AndroidManifest.xml:20:5-22:41
MERGED from [androidx.transition:transition:1.0.1] AndroidManifest.xml:20:5-44
MERGED from [androidx.transition:transition:1.0.1] AndroidManifest.xml:20:5-44
MERGED from [androidx.viewpager:viewpager:1.0.0] AndroidManifest.xml:20:5-44
MERGED from [androidx.viewpager:viewpager:1.0.0] AndroidManifest.xml:20:5-44
MERGED from [androidx.legacy:legacy-support-core-utils:1.0.0] AndroidManifest.xml:20:5-44
MERGED from [androidx.legacy:legacy-support-core-utils:1.0.0] AndroidManifest.xml:20:5-44
MERGED from [androidx.loader:loader:1.0.0] AndroidManifest.xml:20:5-44
MERGED from [androidx.loader:loader:1.0.0] AndroidManifest.xml:20:5-44
MERGED from [androidx.activity:activity:1.0.0] AndroidManifest.xml:20:5-22:41
MERGED from [androidx.activity:activity:1.0.0] AndroidManifest.xml:20:5-22:41
MERGED from [androidx.vectordrawable:vectordrawable-animated:1.1.0] AndroidManifest.xml:20:5-22:41
MERGED from [androidx.vectordrawable:vectordrawable-animated:1.1.0] AndroidManifest.xml:20:5-22:41
MERGED from [androidx.vectordrawable:vectordrawable:1.1.0] AndroidManifest.xml:20:5-22:41
MERGED from [androidx.vectordrawable:vectordrawable:1.1.0] AndroidManifest.xml:20:5-22:41
MERGED from [androidx.slidingpanelayout:slidingpanelayout:1.0.0] AndroidManifest.xml:20:5-44
MERGED from [androidx.slidingpanelayout:slidingpanelayout:1.0.0] AndroidManifest.xml:20:5-44
MERGED from [androidx.customview:customview:1.0.0] AndroidManifest.xml:20:5-44
MERGED from [androidx.customview:customview:1.0.0] AndroidManifest.xml:20:5-44
MERGED from [androidx.asynclayoutinflater:asynclayoutinflater:1.0.0] AndroidManifest.xml:20:5-44
MERGED from [androidx.asynclayoutinflater:asynclayoutinflater:1.0.0] AndroidManifest.xml:20:5-44
MERGED from [androidx.core:core:1.1.0] AndroidManifest.xml:20:5-22:41
MERGED from [androidx.core:core:1.1.0] AndroidManifest.xml:20:5-22:41
MERGED from [androidx.cursoradapter:cursoradapter:1.0.0] AndroidManifest.xml:20:5-44
MERGED from [androidx.cursoradapter:cursoradapter:1.0.0] AndroidManifest.xml:20:5-44
MERGED from [androidx.cardview:cardview:1.0.0] AndroidManifest.xml:20:5-44
MERGED from [androidx.cardview:cardview:1.0.0] AndroidManifest.xml:20:5-44
MERGED from [androidx.versionedparcelable:versionedparcelable:1.1.0] AndroidManifest.xml:20:5-22:41
MERGED from [androidx.versionedparcelable:versionedparcelable:1.1.0] AndroidManifest.xml:20:5-22:41
MERGED from [androidx.interpolator:interpolator:1.0.0] AndroidManifest.xml:20:5-44
MERGED from [androidx.interpolator:interpolator:1.0.0] AndroidManifest.xml:20:5-44
MERGED from [androidx.lifecycle:lifecycle-runtime:2.1.0] AndroidManifest.xml:20:5-44
MERGED from [androidx.lifecycle:lifecycle-runtime:2.1.0] AndroidManifest.xml:20:5-44
MERGED from [androidx.lifecycle:lifecycle-viewmodel:2.1.0] AndroidManifest.xml:20:5-44
MERGED from [androidx.lifecycle:lifecycle-viewmodel:2.1.0] AndroidManifest.xml:20:5-44
MERGED from [androidx.savedstate:savedstate:1.0.0] AndroidManifest.xml:20:5-22:41
MERGED from [androidx.savedstate:savedstate:1.0.0] AndroidManifest.xml:20:5-22:41
MERGED from [androidx.lifecycle:lifecycle-livedata:2.0.0] AndroidManifest.xml:20:5-44
MERGED from [androidx.lifecycle:lifecycle-livedata:2.0.0] AndroidManifest.xml:20:5-44
MERGED from [androidx.lifecycle:lifecycle-livedata-core:2.0.0] AndroidManifest.xml:20:5-44
MERGED from [androidx.lifecycle:lifecycle-livedata-core:2.0.0] AndroidManifest.xml:20:5-44
MERGED from [androidx.arch.core:core-runtime:2.0.0] AndroidManifest.xml:20:5-44
MERGED from [androidx.arch.core:core-runtime:2.0.0] AndroidManifest.xml:20:5-44
MERGED from [androidx.documentfile:documentfile:1.0.0] AndroidManifest.xml:20:5-44
MERGED from [androidx.documentfile:documentfile:1.0.0] AndroidManifest.xml:20:5-44
MERGED from [androidx.localbroadcastmanager:localbroadcastmanager:1.0.0] AndroidManifest.xml:20:5-44
MERGED from [androidx.localbroadcastmanager:localbroadcastmanager:1.0.0] AndroidManifest.xml:20:5-44
MERGED from [androidx.print:print:1.0.0] AndroidManifest.xml:20:5-44
MERGED from [androidx.print:print:1.0.0] AndroidManifest.xml:20:5-44
MERGED from [com.google.android.gms:play-services-ads-base:18.2.0] AndroidManifest.xml:5:5-44
MERGED from [com.google.android.gms:play-services-ads-base:18.2.0] AndroidManifest.xml:5:5-44
INJECTED from src\main\AndroidManifest.xml
INJECTED from src\main\AndroidManifest.xml
	tools:overrideLibrary
		ADDED from [com.google.android.gms:play-services-ads:18.2.0] AndroidManifest.xml:23:9-49
	android:targetSdkVersion
		INJECTED from src\main\AndroidManifest.xml
		ADDED from src\main\AndroidManifest.xml
		INJECTED from src\main\AndroidManifest.xml
	android:minSdkVersion
		INJECTED from src\main\AndroidManifest.xml
		ADDED from src\main\AndroidManifest.xml
		INJECTED from src\main\AndroidManifest.xml
uses-permission#android.permission.ACCESS_NETWORK_STATE
ADDED from [com.google.android.gms:play-services-ads-lite:18.2.0] AndroidManifest.xml:24:5-79
MERGED from [com.google.android.gms:play-services-measurement:17.0.0] AndroidManifest.xml:24:5-79
MERGED from [com.google.android.gms:play-services-measurement:17.0.0] AndroidManifest.xml:24:5-79
MERGED from [com.google.android.gms:play-services-measurement-impl:17.0.0] AndroidManifest.xml:24:5-79
MERGED from [com.google.android.gms:play-services-measurement-impl:17.0.0] AndroidManifest.xml:24:5-79
MERGED from [com.google.android.gms:play-services-measurement-sdk-api:17.0.0] AndroidManifest.xml:24:5-79
MERGED from [com.google.android.gms:play-services-measurement-sdk-api:17.0.0] AndroidManifest.xml:24:5-79
	android:name
		ADDED from [com.google.android.gms:play-services-ads-lite:18.2.0] AndroidManifest.xml:24:22-76
activity#com.google.android.gms.ads.AdActivity
ADDED from [com.google.android.gms:play-services-ads-lite:18.2.0] AndroidManifest.xml:29:9-33:64
	android:exported
		ADDED from [com.google.android.gms:play-services-ads-lite:18.2.0] AndroidManifest.xml:32:13-37
	android:configChanges
		ADDED from [com.google.android.gms:play-services-ads-lite:18.2.0] AndroidManifest.xml:31:13-122
	android:theme
		ADDED from [com.google.android.gms:play-services-ads-lite:18.2.0] AndroidManifest.xml:33:13-61
	android:name
		ADDED from [com.google.android.gms:play-services-ads-lite:18.2.0] AndroidManifest.xml:30:13-65
provider#com.google.android.gms.ads.MobileAdsInitProvider
ADDED from [com.google.android.gms:play-services-ads-lite:18.2.0] AndroidManifest.xml:35:9-39:39
	android:authorities
		ADDED from [com.google.android.gms:play-services-ads-lite:18.2.0] AndroidManifest.xml:37:13-73
	android:exported
		ADDED from [com.google.android.gms:play-services-ads-lite:18.2.0] AndroidManifest.xml:38:13-37
	android:initOrder
		ADDED from [com.google.android.gms:play-services-ads-lite:18.2.0] AndroidManifest.xml:39:13-36
	android:name
		ADDED from [com.google.android.gms:play-services-ads-lite:18.2.0] AndroidManifest.xml:36:13-76
uses-permission#android.permission.WAKE_LOCK
ADDED from [com.google.android.gms:play-services-measurement:17.0.0] AndroidManifest.xml:25:5-68
MERGED from [com.google.android.gms:play-services-measurement-impl:17.0.0] AndroidManifest.xml:25:5-68
MERGED from [com.google.android.gms:play-services-measurement-impl:17.0.0] AndroidManifest.xml:25:5-68
MERGED from [com.google.android.gms:play-services-measurement-sdk-api:17.0.0] AndroidManifest.xml:25:5-68
MERGED from [com.google.android.gms:play-services-measurement-sdk-api:17.0.0] AndroidManifest.xml:25:5-68
	android:name
		ADDED from [com.google.android.gms:play-services-measurement:17.0.0] AndroidManifest.xml:25:22-65
uses-permission#com.google.android.finsky.permission.BIND_GET_INSTALL_REFERRER_SERVICE
ADDED from [com.google.android.gms:play-services-measurement:17.0.0] AndroidManifest.xml:26:5-110
MERGED from [com.google.android.gms:play-services-measurement-impl:17.0.0] AndroidManifest.xml:26:5-110
MERGED from [com.google.android.gms:play-services-measurement-impl:17.0.0] AndroidManifest.xml:26:5-110
MERGED from [com.google.android.gms:play-services-measurement-sdk-api:17.0.0] AndroidManifest.xml:26:5-110
MERGED from [com.google.android.gms:play-services-measurement-sdk-api:17.0.0] AndroidManifest.xml:26:5-110
	android:name
		ADDED from [com.google.android.gms:play-services-measurement:17.0.0] AndroidManifest.xml:26:22-107
receiver#com.google.android.gms.measurement.AppMeasurementReceiver
ADDED from [com.google.android.gms:play-services-measurement:17.0.0] AndroidManifest.xml:29:9-33:20
	android:enabled
		ADDED from [com.google.android.gms:play-services-measurement:17.0.0] AndroidManifest.xml:31:13-35
	android:exported
		ADDED from [com.google.android.gms:play-services-measurement:17.0.0] AndroidManifest.xml:32:13-37
	android:name
		ADDED from [com.google.android.gms:play-services-measurement:17.0.0] AndroidManifest.xml:30:13-85
receiver#com.google.android.gms.measurement.AppMeasurementInstallReferrerReceiver
ADDED from [com.google.android.gms:play-services-measurement:17.0.0] AndroidManifest.xml:34:9-42:20
MERGED from [com.google.android.gms:play-services-measurement-impl:17.0.0] AndroidManifest.xml:29:9-37:20
MERGED from [com.google.android.gms:play-services-measurement-impl:17.0.0] AndroidManifest.xml:29:9-37:20
MERGED from [com.google.android.gms:play-services-measurement-sdk-api:17.0.0] AndroidManifest.xml:29:9-37:20
MERGED from [com.google.android.gms:play-services-measurement-sdk-api:17.0.0] AndroidManifest.xml:29:9-37:20
	android:enabled
		ADDED from [com.google.android.gms:play-services-measurement:17.0.0] AndroidManifest.xml:36:13-35
	android:exported
		ADDED from [com.google.android.gms:play-services-measurement:17.0.0] AndroidManifest.xml:37:13-36
	android:permission
		ADDED from [com.google.android.gms:play-services-measurement:17.0.0] AndroidManifest.xml:38:13-69
	android:name
		ADDED from [com.google.android.gms:play-services-measurement:17.0.0] AndroidManifest.xml:35:13-100
intent-filter#action:name:com.android.vending.INSTALL_REFERRER
ADDED from [com.google.android.gms:play-services-measurement:17.0.0] AndroidManifest.xml:39:13-41:29
action#com.android.vending.INSTALL_REFERRER
ADDED from [com.google.android.gms:play-services-measurement:17.0.0] AndroidManifest.xml:40:17-79
	android:name
		ADDED from [com.google.android.gms:play-services-measurement:17.0.0] AndroidManifest.xml:40:25-76
service#com.google.android.gms.measurement.AppMeasurementService
ADDED from [com.google.android.gms:play-services-measurement:17.0.0] AndroidManifest.xml:44:9-47:40
	android:enabled
		ADDED from [com.google.android.gms:play-services-measurement:17.0.0] AndroidManifest.xml:46:13-35
	android:exported
		ADDED from [com.google.android.gms:play-services-measurement:17.0.0] AndroidManifest.xml:47:13-37
	android:name
		ADDED from [com.google.android.gms:play-services-measurement:17.0.0] AndroidManifest.xml:45:13-84
service#com.google.android.gms.measurement.AppMeasurementJobService
ADDED from [com.google.android.gms:play-services-measurement:17.0.0] AndroidManifest.xml:48:9-52:72
	android:enabled
		ADDED from [com.google.android.gms:play-services-measurement:17.0.0] AndroidManifest.xml:50:13-35
	android:exported
		ADDED from [com.google.android.gms:play-services-measurement:17.0.0] AndroidManifest.xml:51:13-37
	android:permission
		ADDED from [com.google.android.gms:play-services-measurement:17.0.0] AndroidManifest.xml:52:13-69
	android:name
		ADDED from [com.google.android.gms:play-services-measurement:17.0.0] AndroidManifest.xml:49:13-87
meta-data#com.google.android.gms.version
ADDED from [com.google.android.gms:play-services-basement:17.0.0] AndroidManifest.xml:23:9-25:69
	android:value
		ADDED from [com.google.android.gms:play-services-basement:17.0.0] AndroidManifest.xml:25:13-66
	android:name
		ADDED from [com.google.android.gms:play-services-basement:17.0.0] AndroidManifest.xml:24:13-58